[debug] [2023-11-16T08:29:09.264Z] ----------------------------------------------------------------------
[debug] [2023-11-16T08:29:09.266Z] Command:       C:\Program Files\nodejs\node.exe C:\Users\Asus\AppData\Roaming\npm\node_modules\firebase-tools\lib\bin\firebase.js init
[debug] [2023-11-16T08:29:09.267Z] CLI Version:   12.9.1
[debug] [2023-11-16T08:29:09.267Z] Platform:      win32
[debug] [2023-11-16T08:29:09.267Z] Node Version:  v18.16.1
[debug] [2023-11-16T08:29:09.268Z] Time:          Thu Nov 16 2023 13:59:09 GMT+0530 (India Standard Time)
[debug] [2023-11-16T08:29:09.268Z] ----------------------------------------------------------------------
[debug] 
[debug] [2023-11-16T08:29:09.275Z] > command requires scopes: ["email","openid","https://www.googleapis.com/auth/cloudplatformprojects.readonly","https://www.googleapis.com/auth/firebase","https://www.googleapis.com/auth/cloud-platform"]
[debug] [2023-11-16T08:29:09.275Z] > authorizing via signed-in user (sahnavin123@gmail.com)
[info] 
     ######## #### ########  ######## ########     ###     ######  ########
     ##        ##  ##     ## ##       ##     ##  ##   ##  ##       ##
     ######    ##  ########  ######   ########  #########  ######  ######
     ##        ##  ##    ##  ##       ##     ## ##     ##       ## ##
     ##       #### ##     ## ######## ########  ##     ##  ######  ########

You're about to initialize a Firebase project in this directory:

  C:\Users\Asus\Desktop\resumeproject\food-delivery-app

[info] 
=== Project Setup
[info] 
[info] First, let's associate this project directory with a Firebase project.
[info] You can create multiple project aliases by running firebase use --add, 
[info] but for now we'll just set up a default project.
[info] 
[debug] [2023-11-16T08:29:19.134Z] >>> [apiv2][query] GET https://firebase.googleapis.com/v1beta1/projects pageSize=100
[debug] [2023-11-16T08:29:20.013Z] <<< [apiv2][status] GET https://firebase.googleapis.com/v1beta1/projects 200
[debug] [2023-11-16T08:29:20.014Z] <<< [apiv2][body] GET https://firebase.googleapis.com/v1beta1/projects [omitted]
[info] i  Using project restaurantapp-82fb9 (restaurantapp) 
[info] 
=== Hosting Setup
[debug] [2023-11-16T08:29:23.067Z] >>> [apiv2][query] GET https://firebase.googleapis.com/v1beta1/projects/restaurantapp-82fb9 [none]
[debug] [2023-11-16T08:29:24.367Z] <<< [apiv2][status] GET https://firebase.googleapis.com/v1beta1/projects/restaurantapp-82fb9 200
[debug] [2023-11-16T08:29:24.367Z] <<< [apiv2][body] GET https://firebase.googleapis.com/v1beta1/projects/restaurantapp-82fb9 {"projectId":"restaurantapp-82fb9","projectNumber":"819683136611","displayName":"restaurantapp","name":"projects/restaurantapp-82fb9","resources":{"hostingSite":"restaurantapp-82fb9","realtimeDatabaseInstance":"restaurantapp-82fb9-default-rtdb","storageBucket":"restaurantapp-82fb9.appspot.com","locationId":"us-central"},"state":"ACTIVE","etag":"1_139d6bf1-d5d8-40d5-a010-34b199ce7f53"}
[info] 
[info] Your public directory is the folder (relative to your project directory) that
[info] will contain Hosting assets to be uploaded with firebase deploy. If you
[info] have a build process for your assets, use your build's output directory.
[info] 
[debug] [2023-11-16T08:29:31.771Z] ----------------------------------------------------------------------
[debug] [2023-11-16T08:29:31.773Z] Command:       C:\Program Files\nodejs\node.exe C:\Users\Asus\AppData\Roaming\npm\node_modules\firebase-tools\lib\bin\firebase.js init
[debug] [2023-11-16T08:29:31.774Z] CLI Version:   12.9.1
[debug] [2023-11-16T08:29:31.774Z] Platform:      win32
[debug] [2023-11-16T08:29:31.774Z] Node Version:  v18.16.1
[debug] [2023-11-16T08:29:31.775Z] Time:          Thu Nov 16 2023 13:59:31 GMT+0530 (India Standard Time)
[debug] [2023-11-16T08:29:31.775Z] ----------------------------------------------------------------------
[debug] 
[debug] [2023-11-16T08:29:31.781Z] > command requires scopes: ["email","openid","https://www.googleapis.com/auth/cloudplatformprojects.readonly","https://www.googleapis.com/auth/firebase","https://www.googleapis.com/auth/cloud-platform"]
[debug] [2023-11-16T08:29:31.782Z] > authorizing via signed-in user (sahnavin123@gmail.com)
[info] 
     ######## #### ########  ######## ########     ###     ######  ########
     ##        ##  ##     ## ##       ##     ##  ##   ##  ##       ##
     ######    ##  ########  ######   ########  #########  ######  ######
     ##        ##  ##    ##  ##       ##     ## ##     ##       ## ##
     ##       #### ##     ## ######## ########  ##     ##  ######  ########

You're about to initialize a Firebase project in this directory:

  C:\Users\Asus\Desktop\resumeproject\food-delivery-app

[info] 
=== Project Setup
[info] 
[info] First, let's associate this project directory with a Firebase project.
[info] You can create multiple project aliases by running firebase use --add, 
[info] but for now we'll just set up a default project.
[info] 
[debug] [2023-11-16T08:29:42.611Z] >>> [apiv2][query] GET https://firebase.googleapis.com/v1beta1/projects pageSize=100
[debug] [2023-11-16T08:29:43.312Z] <<< [apiv2][status] GET https://firebase.googleapis.com/v1beta1/projects 200
[debug] [2023-11-16T08:29:43.313Z] <<< [apiv2][body] GET https://firebase.googleapis.com/v1beta1/projects [omitted]
[info] i  Using project restaurantapp-82fb9 (restaurantapp) 
[info] 
=== Hosting Setup
[debug] [2023-11-16T08:29:46.443Z] >>> [apiv2][query] GET https://firebase.googleapis.com/v1beta1/projects/restaurantapp-82fb9 [none]
[debug] [2023-11-16T08:29:46.978Z] <<< [apiv2][status] GET https://firebase.googleapis.com/v1beta1/projects/restaurantapp-82fb9 200
[debug] [2023-11-16T08:29:46.978Z] <<< [apiv2][body] GET https://firebase.googleapis.com/v1beta1/projects/restaurantapp-82fb9 {"projectId":"restaurantapp-82fb9","projectNumber":"819683136611","displayName":"restaurantapp","name":"projects/restaurantapp-82fb9","resources":{"hostingSite":"restaurantapp-82fb9","realtimeDatabaseInstance":"restaurantapp-82fb9-default-rtdb","storageBucket":"restaurantapp-82fb9.appspot.com","locationId":"us-central"},"state":"ACTIVE","etag":"1_139d6bf1-d5d8-40d5-a010-34b199ce7f53"}
[info] 
[info] Your public directory is the folder (relative to your project directory) that
[info] will contain Hosting assets to be uploaded with firebase deploy. If you
[info] have a build process for your assets, use your build's output directory.
[info] 
[debug] [2023-11-16T08:32:14.672Z] >>> [apiv2][query] GET https://www.gstatic.com/firebasejs/releases.json [none]
[debug] [2023-11-16T08:32:14.994Z] <<< [apiv2][status] GET https://www.gstatic.com/firebasejs/releases.json 200
[debug] [2023-11-16T08:32:14.994Z] <<< [apiv2][body] GET https://www.gstatic.com/firebasejs/releases.json {"current":{"version":"10.6.0","browserURL":"https://www.gstatic.com/firebasejs/10.6.0/firebase.js","packageURL":"https://www.gstatic.com/firebasejs/10.6.0/firebase.tgz"},"live":{"version":"10.6","browserURL":"https://www.gstatic.com/firebasejs/live/10.6/firebase.js","packageURL":"https://www.gstatic.com/firebasejs/live/10.6/firebase.tgz"},"components":{"analytics":"https://www.gstatic.com/firebasejs/10.6.0/firebase-analytics.js","app":"https://www.gstatic.com/firebasejs/10.6.0/firebase-app.js","app-check":"https://www.gstatic.com/firebasejs/10.6.0/firebase-app-check.js","auth":"https://www.gstatic.com/firebasejs/10.6.0/firebase-auth.js","auth/cordova":"https://www.gstatic.com/firebasejs/10.6.0/firebase-auth/cordova.js","functions":"https://www.gstatic.com/firebasejs/10.6.0/firebase-functions.js","firestore":"https://www.gstatic.com/firebasejs/10.6.0/firebase-firestore.js","firestore/lite":"https://www.gstatic.com/firebasejs/10.6.0/firebase-firestore/lite.js","installations":"https://www.gstatic.com/firebasejs/10.6.0/firebase-installations.js","storage":"https://www.gstatic.com/firebasejs/10.6.0/firebase-storage.js","performance":"https://www.gstatic.com/firebasejs/10.6.0/firebase-performance.js","remote-config":"https://www.gstatic.com/firebasejs/10.6.0/firebase-remote-config.js","messaging":"https://www.gstatic.com/firebasejs/10.6.0/firebase-messaging.js","messaging/sw":"https://www.gstatic.com/firebasejs/10.6.0/firebase-messaging/sw.js","database":"https://www.gstatic.com/firebasejs/10.6.0/firebase-database.js","firestore.memory":"https://www.gstatic.com/firebasejs/10.6.0/firebase-firestore.memory.js"}}
[info] i  Skipping write of public/index.html 
[info] 
[info] i  Detected a .git folder at C:\Users\Asus\Desktop\resumeproject\food-delivery-app 
[info] i  Authorizing with GitHub to upload your service account to a GitHub repository's secrets store. 
[info] 
[info] Visit this URL on this device to log in:
[info] https://github.com/login/oauth/authorize?client_id=89cf50f02ac6aaed3484&state=502140874&redirect_uri=http%3A%2F%2Flocalhost%3A9005&scope=read%3Auser%20repo%20public_repo
[info] 
[info] Waiting for authentication...
[debug] [2023-11-16T08:32:22.288Z] >>> [apiv2][query] POST https://github.com/login/oauth/access_token [none]
[debug] [2023-11-16T08:32:22.288Z] >>> [apiv2][body] POST https://github.com/login/oauth/access_token [stream]
[debug] [2023-11-16T08:32:22.932Z] <<< [apiv2][status] POST https://github.com/login/oauth/access_token 200
[debug] [2023-11-16T08:32:22.932Z] <<< [apiv2][body] POST https://github.com/login/oauth/access_token {"access_token":"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","token_type":"bearer","scope":"read:user,repo"}
[debug] [2023-11-16T08:32:22.944Z] >>> [apiv2][query] GET https://api.github.com/user [none]
[debug] [2023-11-16T08:32:23.607Z] <<< [apiv2][status] GET https://api.github.com/user 200
[debug] [2023-11-16T08:32:23.607Z] <<< [apiv2][body] GET https://api.github.com/user {"login":"sahnavin123","id":95286412,"node_id":"U_kgDOBa30jA","avatar_url":"https://avatars.githubusercontent.com/u/95286412?v=4","gravatar_id":"","url":"https://api.github.com/users/sahnavin123","html_url":"https://github.com/sahnavin123","followers_url":"https://api.github.com/users/sahnavin123/followers","following_url":"https://api.github.com/users/sahnavin123/following{/other_user}","gists_url":"https://api.github.com/users/sahnavin123/gists{/gist_id}","starred_url":"https://api.github.com/users/sahnavin123/starred{/owner}{/repo}","subscriptions_url":"https://api.github.com/users/sahnavin123/subscriptions","organizations_url":"https://api.github.com/users/sahnavin123/orgs","repos_url":"https://api.github.com/users/sahnavin123/repos","events_url":"https://api.github.com/users/sahnavin123/events{/privacy}","received_events_url":"https://api.github.com/users/sahnavin123/received_events","type":"User","site_admin":false,"name":"Navin Kumar Sah","company":null,"blog":"","location":null,"email":null,"hireable":null,"bio":null,"twitter_username":null,"public_repos":38,"public_gists":0,"followers":0,"following":0,"created_at":"2021-11-30T11:28:30Z","updated_at":"2023-10-16T09:47:30Z","private_gists":0,"total_private_repos":4,"owned_private_repos":4,"disk_usage":205659,"collaborators":0,"two_factor_authentication":false,"plan":{"name":"free","space":976562499,"collaborators":0,"private_repos":10000}}
[info] 
[info] +  Success! Logged into GitHub as sahnavin123 
[info] 
[debug] [2023-11-16T08:32:52.919Z] >>> [apiv2][query] GET https://api.github.com/repos//actions/secrets/public-key type=owner
[debug] [2023-11-16T08:32:53.490Z] <<< [apiv2][status] GET https://api.github.com/repos//actions/secrets/public-key 404
[debug] [2023-11-16T08:32:53.490Z] <<< [apiv2][body] GET https://api.github.com/repos//actions/secrets/public-key {"message":"Not Found","documentation_url":"https://docs.github.com/rest"}
[info] 
[info] 
[error] !  The provided authorization cannot be used with this repository. If this repository is in an organization, did you remember to grant access? 
[info] 
[info] i  Action required: Visit this URL to ensure access has been granted to the appropriate organization(s) for the Firebase CLI GitHub OAuth App: 
[info] https://github.com/settings/connections/applications/89cf50f02ac6aaed3484
[info] 
[debug] [2023-11-16T08:33:49.594Z] ----------------------------------------------------------------------
[debug] [2023-11-16T08:33:49.596Z] Command:       C:\Program Files\nodejs\node.exe C:\Users\Asus\AppData\Roaming\npm\node_modules\firebase-tools\lib\bin\firebase.js init
[debug] [2023-11-16T08:33:49.597Z] CLI Version:   12.9.1
[debug] [2023-11-16T08:33:49.598Z] Platform:      win32
[debug] [2023-11-16T08:33:49.598Z] Node Version:  v18.16.1
[debug] [2023-11-16T08:33:49.600Z] Time:          Thu Nov 16 2023 14:03:49 GMT+0530 (India Standard Time)
[debug] [2023-11-16T08:33:49.600Z] ----------------------------------------------------------------------
[debug] 
[debug] [2023-11-16T08:33:49.620Z] > command requires scopes: ["email","openid","https://www.googleapis.com/auth/cloudplatformprojects.readonly","https://www.googleapis.com/auth/firebase","https://www.googleapis.com/auth/cloud-platform"]
[debug] [2023-11-16T08:33:49.623Z] > authorizing via signed-in user (sahnavin123@gmail.com)
[info] 
     ######## #### ########  ######## ########     ###     ######  ########
     ##        ##  ##     ## ##       ##     ##  ##   ##  ##       ##
     ######    ##  ########  ######   ########  #########  ######  ######
     ##        ##  ##    ##  ##       ##     ## ##     ##       ## ##
     ##       #### ##     ## ######## ########  ##     ##  ######  ########

You're about to initialize a Firebase project in this directory:

  C:\Users\Asus\Desktop\resumeproject\food-delivery-app

